<?xml version="1.0" encoding="UTF-8"?>
<!-- Generated by org.testng.reporters.JUnitXMLReporter -->
<testsuite ignored="0" hostname="LAPTOP-E16GBPIP" failures="0" tests="4" name="Login Tests" time="27.303" errors="0" timestamp="2026-09-07T22:14:36 SAST">
  <testcase classname="tests.LoginTest" name="testValidLogin" time="9.609"/>
  <testcase classname="tests.LoginTest" name="testInvalidScenarios" time="2.562"/>
  <testcase classname="tests.LoginTest" name="testInvalidScenarios" time="1.685"/>
  <testcase classname="tests.LoginTest" name="testInvalidScenarios" time="1.895"/>
</testsuite> <!-- Login Tests -->
