<?xml version="1.0" encoding="UTF-8"?>
<!-- Generated by org.testng.reporters.JUnitXMLReporter -->
<testsuite ignored="0" hostname="LAPTOP-E16GBPIP" failures="1" tests="2" name="LoginTests" time="46.685" errors="0" timestamp="2026-09-05T18:26:11 SAST">
  <testcase classname="tests.LoginTest" name="testLogin" time="7.037"/>
  <testcase classname="tests.LoginTest" name="testLogin" time="31.448">
    <failure type="com.microsoft.playwright.TimeoutError" message="Error {
  message=&amp;apos;Timeout 30000ms exceeded.
  name=&amp;apos;TimeoutError
  stack=&amp;apos;TimeoutError: Timeout 30000ms exceeded.
    at ProgressController.run (C:\Users\anna\AppData\Local\Temp\playwright-java-11694144100813868860\package\lib\server\progress.js:78:26)
    at Frame.fill (C:\Users\anna\AppData\Local\Temp\playwright-java-11694144100813868860\package\lib\server\frames.js:1063:23)
    at FrameDispatcher.fill (C:\Users\anna\AppData\Local\Temp\playwright-java-11694144100813868860\package\lib\server\dispatchers\frameDispatcher.js:169:30)
    at FrameDispatcher._handleCommand (C:\Users\anna\AppData\Local\Temp\playwright-java-11694144100813868860\package\lib\server\dispatchers\dispatcher.js:94:40)
    at DispatcherConnection.dispatch (C:\Users\anna\AppData\Local\Temp\playwright-java-11694144100813868860\package\lib\server\dispatchers\dispatcher.js:361:39)
}
Call log:
- waiting for locator(&amp;quot;//input[@placeholder=&amp;apos;Username&amp;apos;]&amp;quot;)
">
      <![CDATA[com.microsoft.playwright.TimeoutError: Error {
  message='Timeout 30000ms exceeded.
  name='TimeoutError
  stack='TimeoutError: Timeout 30000ms exceeded.
    at ProgressController.run (C:\Users\anna\AppData\Local\Temp\playwright-java-11694144100813868860\package\lib\server\progress.js:78:26)
    at Frame.fill (C:\Users\anna\AppData\Local\Temp\playwright-java-11694144100813868860\package\lib\server\frames.js:1063:23)
    at FrameDispatcher.fill (C:\Users\anna\AppData\Local\Temp\playwright-java-11694144100813868860\package\lib\server\dispatchers\frameDispatcher.js:169:30)
    at FrameDispatcher._handleCommand (C:\Users\anna\AppData\Local\Temp\playwright-java-11694144100813868860\package\lib\server\dispatchers\dispatcher.js:94:40)
    at DispatcherConnection.dispatch (C:\Users\anna\AppData\Local\Temp\playwright-java-11694144100813868860\package\lib\server\dispatchers\dispatcher.js:361:39)
}
Call log:
- waiting for locator("//input[@placeholder='Username']")

at com.microsoft.playwright.impl.WaitableResult.get(WaitableResult.java:52)
at com.microsoft.playwright.impl.ChannelOwner.runUntil(ChannelOwner.java:120)
at com.microsoft.playwright.impl.Connection.sendMessage(Connection.java:130)
at com.microsoft.playwright.impl.ChannelOwner.sendMessage(ChannelOwner.java:106)
at com.microsoft.playwright.impl.FrameImpl.fillImpl(FrameImpl.java:335)
at com.microsoft.playwright.impl.FrameImpl.lambda$fill$14(FrameImpl.java:325)
at com.microsoft.playwright.impl.LoggingSupport.lambda$withLogging$0(LoggingSupport.java:36)
at com.microsoft.playwright.impl.LoggingSupport.withLogging(LoggingSupport.java:47)
at com.microsoft.playwright.impl.ChannelOwner.withLogging(ChannelOwner.java:89)
at com.microsoft.playwright.impl.LoggingSupport.withLogging(LoggingSupport.java:35)
at com.microsoft.playwright.impl.FrameImpl.fill(FrameImpl.java:325)
at com.microsoft.playwright.impl.LocatorImpl.fill(LocatorImpl.java:235)
at com.microsoft.playwright.Locator.fill(Locator.java:2988)
at pages.LoginPage.enterUsername(LoginPage.java:21)
at tests.LoginTest.testLogin(LoginTest.java:41)
at java.base/java.util.ArrayList.forEach(ArrayList.java:1596)
Caused by: com.microsoft.playwright.TimeoutError: Error {
  message='Timeout 30000ms exceeded.
  name='TimeoutError
  stack='TimeoutError: Timeout 30000ms exceeded.
    at ProgressController.run (C:\Users\anna\AppData\Local\Temp\playwright-java-11694144100813868860\package\lib\server\progress.js:78:26)
    at Frame.fill (C:\Users\anna\AppData\Local\Temp\playwright-java-11694144100813868860\package\lib\server\frames.js:1063:23)
    at FrameDispatcher.fill (C:\Users\anna\AppData\Local\Temp\playwright-java-11694144100813868860\package\lib\server\dispatchers\frameDispatcher.js:169:30)
    at FrameDispatcher._handleCommand (C:\Users\anna\AppData\Local\Temp\playwright-java-11694144100813868860\package\lib\server\dispatchers\dispatcher.js:94:40)
    at DispatcherConnection.dispatch (C:\Users\anna\AppData\Local\Temp\playwright-java-11694144100813868860\package\lib\server\dispatchers\dispatcher.js:361:39)
}
Call log:
- waiting for locator("//input[@placeholder='Username']")

at com.microsoft.playwright.impl.Connection.dispatch(Connection.java:254)
at com.microsoft.playwright.impl.Connection.processOneMessage(Connection.java:211)
at com.microsoft.playwright.impl.ChannelOwner.runUntil(ChannelOwner.java:118)
... 43 more
... Removed 29 stack frames]]>
    </failure>
  </testcase> <!-- testLogin -->
</testsuite> <!-- LoginTests -->
