<?xml version="1.0" encoding="UTF-8"?>
<testng-results ignored="0" total="4" passed="4" failed="0" skipped="0">
  <reporter-output>
  </reporter-output>
  <suite started-at="2026-09-07T22:14:09 SAST" name="Playwright Suite" finished-at="2026-09-07T22:14:36 SAST" duration-ms="27303">
    <groups>
    </groups>
    <test started-at="2026-09-07T22:14:09 SAST" name="Login Tests" finished-at="2026-09-07T22:14:36 SAST" duration-ms="27303">
      <class name="tests.LoginTest">
        <test-method is-config="true" signature="start()[pri:0, instance:tests.LoginTest@323b36e0]" started-at="2026-09-07T22:14:09 SAST" name="start" finished-at="2026-09-07T22:14:20 SAST" duration-ms="10901" status="PASS">
          <reporter-output>
          </reporter-output>
        </test-method> <!-- start -->
        <test-method signature="testValidLogin()[pri:1, instance:tests.LoginTest@323b36e0]" started-at="2026-09-07T22:14:20 SAST" name="testValidLogin" finished-at="2026-09-07T22:14:29 SAST" duration-ms="9609" status="PASS">
          <reporter-output>
          </reporter-output>
        </test-method> <!-- testValidLogin -->
        <test-method signature="testInvalidScenarios(java.lang.String,java.lang.String,java.lang.String,java.lang.String)[pri:2, instance:tests.LoginTest@323b36e0]" started-at="2026-09-07T22:14:29 SAST" name="testInvalidScenarios" data-provider="invalidDataProvider" finished-at="2026-09-07T22:14:32 SAST" duration-ms="2562" status="PASS">
          <params>
            <param index="0">
              <value>
                <![CDATA[invalid]]>
              </value>
            </param>
            <param index="1">
              <value>
                <![CDATA[wrongUser]]>
              </value>
            </param>
            <param index="2">
              <value>
                <![CDATA[wrongPass]]>
              </value>
            </param>
            <param index="3">
              <value>
                <![CDATA[invalid]]>
              </value>
            </param>
          </params>
          <reporter-output>
          </reporter-output>
        </test-method> <!-- testInvalidScenarios -->
        <test-method signature="testInvalidScenarios(java.lang.String,java.lang.String,java.lang.String,java.lang.String)[pri:2, instance:tests.LoginTest@323b36e0]" started-at="2026-09-07T22:14:32 SAST" name="testInvalidScenarios" data-provider="invalidDataProvider" finished-at="2026-09-07T22:14:34 SAST" duration-ms="1685" status="PASS">
          <params>
            <param index="0">
              <value>
                <![CDATA[emptyUsername]]>
              </value>
            </param>
            <param index="1">
              <value>
                <![CDATA[]]>
              </value>
            </param>
            <param index="2">
              <value>
                <![CDATA[admin123]]>
              </value>
            </param>
            <param index="3">
              <value>
                <![CDATA[emptyUsername]]>
              </value>
            </param>
          </params>
          <reporter-output>
          </reporter-output>
        </test-method> <!-- testInvalidScenarios -->
        <test-method signature="testInvalidScenarios(java.lang.String,java.lang.String,java.lang.String,java.lang.String)[pri:2, instance:tests.LoginTest@323b36e0]" started-at="2026-09-07T22:14:34 SAST" name="testInvalidScenarios" data-provider="invalidDataProvider" finished-at="2026-09-07T22:14:35 SAST" duration-ms="1895" status="PASS">
          <params>
            <param index="0">
              <value>
                <![CDATA[emptyPassword]]>
              </value>
            </param>
            <param index="1">
              <value>
                <![CDATA[admin]]>
              </value>
            </param>
            <param index="2">
              <value>
                <![CDATA[]]>
              </value>
            </param>
            <param index="3">
              <value>
                <![CDATA[emptyPassword]]>
              </value>
            </param>
          </params>
          <reporter-output>
          </reporter-output>
        </test-method> <!-- testInvalidScenarios -->
        <test-method is-config="true" signature="stop()[pri:0, instance:tests.LoginTest@323b36e0]" started-at="2026-09-07T22:14:35 SAST" name="stop" finished-at="2026-09-07T22:14:36 SAST" duration-ms="575" status="PASS">
          <reporter-output>
          </reporter-output>
        </test-method> <!-- stop -->
      </class> <!-- tests.LoginTest -->
    </test> <!-- Login Tests -->
  </suite> <!-- Playwright Suite -->
</testng-results>
