<?xml version="1.0" encoding="UTF-8"?>
<testng-results ignored="0" total="2" passed="0" failed="2" skipped="0">
  <reporter-output>
  </reporter-output>
  <suite started-at="2026-09-05T20:16:15 SAST" name="PlaywrightSuite" finished-at="2026-09-05T20:17:38 SAST" duration-ms="82882">
    <groups>
    </groups>
    <test started-at="2026-09-05T20:16:15 SAST" name="LoginTests" finished-at="2026-09-05T20:17:38 SAST" duration-ms="82882">
      <class name="tests.LoginTest">
        <test-method is-config="true" signature="loadData()[pri:0, instance:tests.LoginTest@6356695f]" started-at="2026-09-05T20:16:15 SAST" name="loadData" finished-at="2026-09-05T20:16:15 SAST" duration-ms="352" status="PASS">
          <reporter-output>
          </reporter-output>
        </test-method> <!-- loadData -->
        <test-method is-config="true" signature="start()[pri:0, instance:tests.LoginTest@6356695f]" started-at="2026-09-05T20:16:15 SAST" name="start" finished-at="2026-09-05T20:16:26 SAST" duration-ms="10994" status="PASS">
          <reporter-output>
          </reporter-output>
        </test-method> <!-- start -->
        <test-method signature="testLogin(java.lang.String,java.lang.String,java.lang.String)[pri:0, instance:tests.LoginTest@6356695f]" started-at="2026-09-05T20:16:26 SAST" name="testLogin" data-provider="jsonDataProvider" finished-at="2026-09-05T20:17:06 SAST" duration-ms="39174" status="FAIL">
          <params>
            <param index="0">
              <value>
                <![CDATA[valid]]>
              </value>
            </param>
            <param index="1">
              <value>
                <![CDATA[admin]]>
              </value>
            </param>
            <param index="2">
              <value>
                <![CDATA[admin123]]>
              </value>
            </param>
          </params>
          <exception class="com.microsoft.playwright.TimeoutError">
            <message>
              <![CDATA[Error {
  message='Timeout 30000ms exceeded.
  name='TimeoutError
  stack='TimeoutError: Timeout 30000ms exceeded.
    at ProgressController.run (C:\Users\anna\AppData\Local\Temp\playwright-java-12889184549621890511\package\lib\server\progress.js:78:26)
    at Frame.fill (C:\Users\anna\AppData\Local\Temp\playwright-java-12889184549621890511\package\lib\server\frames.js:1063:23)
    at FrameDispatcher.fill (C:\Users\anna\AppData\Local\Temp\playwright-java-12889184549621890511\package\lib\server\dispatchers\frameDispatcher.js:169:30)
    at FrameDispatcher._handleCommand (C:\Users\anna\AppData\Local\Temp\playwright-java-12889184549621890511\package\lib\server\dispatchers\dispatcher.js:94:40)
    at DispatcherConnection.dispatch (C:\Users\anna\AppData\Local\Temp\playwright-java-12889184549621890511\package\lib\server\dispatchers\dispatcher.js:361:39)
}
Call log:
- waiting for locator("//input[@placeholder='username']")
]]>
            </message>
            <full-stacktrace>
              <![CDATA[com.microsoft.playwright.TimeoutError: Error {
  message='Timeout 30000ms exceeded.
  name='TimeoutError
  stack='TimeoutError: Timeout 30000ms exceeded.
    at ProgressController.run (C:\Users\anna\AppData\Local\Temp\playwright-java-12889184549621890511\package\lib\server\progress.js:78:26)
    at Frame.fill (C:\Users\anna\AppData\Local\Temp\playwright-java-12889184549621890511\package\lib\server\frames.js:1063:23)
    at FrameDispatcher.fill (C:\Users\anna\AppData\Local\Temp\playwright-java-12889184549621890511\package\lib\server\dispatchers\frameDispatcher.js:169:30)
    at FrameDispatcher._handleCommand (C:\Users\anna\AppData\Local\Temp\playwright-java-12889184549621890511\package\lib\server\dispatchers\dispatcher.js:94:40)
    at DispatcherConnection.dispatch (C:\Users\anna\AppData\Local\Temp\playwright-java-12889184549621890511\package\lib\server\dispatchers\dispatcher.js:361:39)
}
Call log:
- waiting for locator("//input[@placeholder='username']")

at com.microsoft.playwright.impl.WaitableResult.get(WaitableResult.java:52)
at com.microsoft.playwright.impl.ChannelOwner.runUntil(ChannelOwner.java:120)
at com.microsoft.playwright.impl.Connection.sendMessage(Connection.java:130)
at com.microsoft.playwright.impl.ChannelOwner.sendMessage(ChannelOwner.java:106)
at com.microsoft.playwright.impl.FrameImpl.fillImpl(FrameImpl.java:335)
at com.microsoft.playwright.impl.FrameImpl.lambda$fill$14(FrameImpl.java:325)
at com.microsoft.playwright.impl.LoggingSupport.lambda$withLogging$0(LoggingSupport.java:36)
at com.microsoft.playwright.impl.LoggingSupport.withLogging(LoggingSupport.java:47)
at com.microsoft.playwright.impl.ChannelOwner.withLogging(ChannelOwner.java:89)
at com.microsoft.playwright.impl.LoggingSupport.withLogging(LoggingSupport.java:35)
at com.microsoft.playwright.impl.FrameImpl.fill(FrameImpl.java:325)
at com.microsoft.playwright.impl.LocatorImpl.fill(LocatorImpl.java:235)
at com.microsoft.playwright.Locator.fill(Locator.java:2988)
at pages.LoginPage.enterUsername(LoginPage.java:21)
at tests.LoginTest.testLogin(LoginTest.java:41)
at java.base/jdk.internal.reflect.DirectMethodHandleAccessor.invoke(DirectMethodHandleAccessor.java:103)
at java.base/java.lang.reflect.Method.invoke(Method.java:580)
at org.testng.internal.invokers.MethodInvocationHelper.invokeMethod(MethodInvocationHelper.java:141)
at org.testng.internal.invokers.TestInvoker.invokeMethod(TestInvoker.java:697)
at org.testng.internal.invokers.TestInvoker.invokeTestMethod(TestInvoker.java:230)
at org.testng.internal.invokers.MethodRunner.runInSequence(MethodRunner.java:63)
at org.testng.internal.invokers.TestInvoker$MethodInvocationAgent.invoke(TestInvoker.java:1005)
at org.testng.internal.invokers.TestInvoker.invokeTestMethods(TestInvoker.java:203)
at org.testng.internal.invokers.TestMethodWorker.invokeTestMethods(TestMethodWorker.java:154)
at org.testng.internal.invokers.TestMethodWorker.run(TestMethodWorker.java:134)
at java.base/java.util.ArrayList.forEach(ArrayList.java:1596)
at org.testng.TestRunner.privateRun(TestRunner.java:744)
at org.testng.TestRunner.run(TestRunner.java:616)
at org.testng.SuiteRunner.runTest(SuiteRunner.java:421)
at org.testng.SuiteRunner.runSequentially(SuiteRunner.java:413)
at org.testng.SuiteRunner.privateRun(SuiteRunner.java:373)
at org.testng.SuiteRunner.run(SuiteRunner.java:312)
at org.testng.SuiteRunnerWorker.runSuite(SuiteRunnerWorker.java:52)
at org.testng.SuiteRunnerWorker.run(SuiteRunnerWorker.java:95)
at org.testng.TestNG.runSuitesSequentially(TestNG.java:1274)
at org.testng.TestNG.runSuitesLocally(TestNG.java:1208)
at org.testng.TestNG.runSuites(TestNG.java:1112)
at org.testng.TestNG.run(TestNG.java:1079)
at org.apache.maven.surefire.testng.TestNGExecutor.run(TestNGExecutor.java:308)
at org.apache.maven.surefire.testng.TestNGXmlTestSuite.execute(TestNGXmlTestSuite.java:71)
at org.apache.maven.surefire.testng.TestNGProvider.invoke(TestNGProvider.java:113)
at org.apache.maven.surefire.booter.ForkedBooter.runSuitesInProcess(ForkedBooter.java:385)
at org.apache.maven.surefire.booter.ForkedBooter.execute(ForkedBooter.java:162)
at org.apache.maven.surefire.booter.ForkedBooter.run(ForkedBooter.java:507)
at org.apache.maven.surefire.booter.ForkedBooter.main(ForkedBooter.java:495)
Caused by: com.microsoft.playwright.TimeoutError: Error {
  message='Timeout 30000ms exceeded.
  name='TimeoutError
  stack='TimeoutError: Timeout 30000ms exceeded.
    at ProgressController.run (C:\Users\anna\AppData\Local\Temp\playwright-java-12889184549621890511\package\lib\server\progress.js:78:26)
    at Frame.fill (C:\Users\anna\AppData\Local\Temp\playwright-java-12889184549621890511\package\lib\server\frames.js:1063:23)
    at FrameDispatcher.fill (C:\Users\anna\AppData\Local\Temp\playwright-java-12889184549621890511\package\lib\server\dispatchers\frameDispatcher.js:169:30)
    at FrameDispatcher._handleCommand (C:\Users\anna\AppData\Local\Temp\playwright-java-12889184549621890511\package\lib\server\dispatchers\dispatcher.js:94:40)
    at DispatcherConnection.dispatch (C:\Users\anna\AppData\Local\Temp\playwright-java-12889184549621890511\package\lib\server\dispatchers\dispatcher.js:361:39)
}
Call log:
- waiting for locator("//input[@placeholder='username']")

at com.microsoft.playwright.impl.Connection.dispatch(Connection.java:254)
at com.microsoft.playwright.impl.Connection.processOneMessage(Connection.java:211)
at com.microsoft.playwright.impl.ChannelOwner.runUntil(ChannelOwner.java:118)
... 43 more
]]>
            </full-stacktrace>
          </exception> <!-- com.microsoft.playwright.TimeoutError -->
          <reporter-output>
          </reporter-output>
        </test-method> <!-- testLogin -->
        <test-method signature="testLogin(java.lang.String,java.lang.String,java.lang.String)[pri:0, instance:tests.LoginTest@6356695f]" started-at="2026-09-05T20:17:06 SAST" name="testLogin" data-provider="jsonDataProvider" finished-at="2026-09-05T20:17:37 SAST" duration-ms="31688" status="FAIL">
          <params>
            <param index="0">
              <value>
                <![CDATA[invalid]]>
              </value>
            </param>
            <param index="1">
              <value>
                <![CDATA[wrongUser]]>
              </value>
            </param>
            <param index="2">
              <value>
                <![CDATA[wrongPass]]>
              </value>
            </param>
          </params>
          <exception class="com.microsoft.playwright.TimeoutError">
            <message>
              <![CDATA[Error {
  message='Timeout 30000ms exceeded.
  name='TimeoutError
  stack='TimeoutError: Timeout 30000ms exceeded.
    at ProgressController.run (C:\Users\anna\AppData\Local\Temp\playwright-java-12889184549621890511\package\lib\server\progress.js:78:26)
    at Frame.fill (C:\Users\anna\AppData\Local\Temp\playwright-java-12889184549621890511\package\lib\server\frames.js:1063:23)
    at FrameDispatcher.fill (C:\Users\anna\AppData\Local\Temp\playwright-java-12889184549621890511\package\lib\server\dispatchers\frameDispatcher.js:169:30)
    at FrameDispatcher._handleCommand (C:\Users\anna\AppData\Local\Temp\playwright-java-12889184549621890511\package\lib\server\dispatchers\dispatcher.js:94:40)
    at DispatcherConnection.dispatch (C:\Users\anna\AppData\Local\Temp\playwright-java-12889184549621890511\package\lib\server\dispatchers\dispatcher.js:361:39)
}
Call log:
- waiting for locator("//input[@placeholder='username']")
]]>
            </message>
            <full-stacktrace>
              <![CDATA[com.microsoft.playwright.TimeoutError: Error {
  message='Timeout 30000ms exceeded.
  name='TimeoutError
  stack='TimeoutError: Timeout 30000ms exceeded.
    at ProgressController.run (C:\Users\anna\AppData\Local\Temp\playwright-java-12889184549621890511\package\lib\server\progress.js:78:26)
    at Frame.fill (C:\Users\anna\AppData\Local\Temp\playwright-java-12889184549621890511\package\lib\server\frames.js:1063:23)
    at FrameDispatcher.fill (C:\Users\anna\AppData\Local\Temp\playwright-java-12889184549621890511\package\lib\server\dispatchers\frameDispatcher.js:169:30)
    at FrameDispatcher._handleCommand (C:\Users\anna\AppData\Local\Temp\playwright-java-12889184549621890511\package\lib\server\dispatchers\dispatcher.js:94:40)
    at DispatcherConnection.dispatch (C:\Users\anna\AppData\Local\Temp\playwright-java-12889184549621890511\package\lib\server\dispatchers\dispatcher.js:361:39)
}
Call log:
- waiting for locator("//input[@placeholder='username']")

at com.microsoft.playwright.impl.WaitableResult.get(WaitableResult.java:52)
at com.microsoft.playwright.impl.ChannelOwner.runUntil(ChannelOwner.java:120)
at com.microsoft.playwright.impl.Connection.sendMessage(Connection.java:130)
at com.microsoft.playwright.impl.ChannelOwner.sendMessage(ChannelOwner.java:106)
at com.microsoft.playwright.impl.FrameImpl.fillImpl(FrameImpl.java:335)
at com.microsoft.playwright.impl.FrameImpl.lambda$fill$14(FrameImpl.java:325)
at com.microsoft.playwright.impl.LoggingSupport.lambda$withLogging$0(LoggingSupport.java:36)
at com.microsoft.playwright.impl.LoggingSupport.withLogging(LoggingSupport.java:47)
at com.microsoft.playwright.impl.ChannelOwner.withLogging(ChannelOwner.java:89)
at com.microsoft.playwright.impl.LoggingSupport.withLogging(LoggingSupport.java:35)
at com.microsoft.playwright.impl.FrameImpl.fill(FrameImpl.java:325)
at com.microsoft.playwright.impl.LocatorImpl.fill(LocatorImpl.java:235)
at com.microsoft.playwright.Locator.fill(Locator.java:2988)
at pages.LoginPage.enterUsername(LoginPage.java:21)
at tests.LoginTest.testLogin(LoginTest.java:41)
at java.base/jdk.internal.reflect.DirectMethodHandleAccessor.invoke(DirectMethodHandleAccessor.java:103)
at java.base/java.lang.reflect.Method.invoke(Method.java:580)
at org.testng.internal.invokers.MethodInvocationHelper.invokeMethod(MethodInvocationHelper.java:141)
at org.testng.internal.invokers.TestInvoker.invokeMethod(TestInvoker.java:697)
at org.testng.internal.invokers.TestInvoker.invokeTestMethod(TestInvoker.java:230)
at org.testng.internal.invokers.MethodRunner.runInSequence(MethodRunner.java:63)
at org.testng.internal.invokers.TestInvoker$MethodInvocationAgent.invoke(TestInvoker.java:1005)
at org.testng.internal.invokers.TestInvoker.invokeTestMethods(TestInvoker.java:203)
at org.testng.internal.invokers.TestMethodWorker.invokeTestMethods(TestMethodWorker.java:154)
at org.testng.internal.invokers.TestMethodWorker.run(TestMethodWorker.java:134)
at java.base/java.util.ArrayList.forEach(ArrayList.java:1596)
at org.testng.TestRunner.privateRun(TestRunner.java:744)
at org.testng.TestRunner.run(TestRunner.java:616)
at org.testng.SuiteRunner.runTest(SuiteRunner.java:421)
at org.testng.SuiteRunner.runSequentially(SuiteRunner.java:413)
at org.testng.SuiteRunner.privateRun(SuiteRunner.java:373)
at org.testng.SuiteRunner.run(SuiteRunner.java:312)
at org.testng.SuiteRunnerWorker.runSuite(SuiteRunnerWorker.java:52)
at org.testng.SuiteRunnerWorker.run(SuiteRunnerWorker.java:95)
at org.testng.TestNG.runSuitesSequentially(TestNG.java:1274)
at org.testng.TestNG.runSuitesLocally(TestNG.java:1208)
at org.testng.TestNG.runSuites(TestNG.java:1112)
at org.testng.TestNG.run(TestNG.java:1079)
at org.apache.maven.surefire.testng.TestNGExecutor.run(TestNGExecutor.java:308)
at org.apache.maven.surefire.testng.TestNGXmlTestSuite.execute(TestNGXmlTestSuite.java:71)
at org.apache.maven.surefire.testng.TestNGProvider.invoke(TestNGProvider.java:113)
at org.apache.maven.surefire.booter.ForkedBooter.runSuitesInProcess(ForkedBooter.java:385)
at org.apache.maven.surefire.booter.ForkedBooter.execute(ForkedBooter.java:162)
at org.apache.maven.surefire.booter.ForkedBooter.run(ForkedBooter.java:507)
at org.apache.maven.surefire.booter.ForkedBooter.main(ForkedBooter.java:495)
Caused by: com.microsoft.playwright.TimeoutError: Error {
  message='Timeout 30000ms exceeded.
  name='TimeoutError
  stack='TimeoutError: Timeout 30000ms exceeded.
    at ProgressController.run (C:\Users\anna\AppData\Local\Temp\playwright-java-12889184549621890511\package\lib\server\progress.js:78:26)
    at Frame.fill (C:\Users\anna\AppData\Local\Temp\playwright-java-12889184549621890511\package\lib\server\frames.js:1063:23)
    at FrameDispatcher.fill (C:\Users\anna\AppData\Local\Temp\playwright-java-12889184549621890511\package\lib\server\dispatchers\frameDispatcher.js:169:30)
    at FrameDispatcher._handleCommand (C:\Users\anna\AppData\Local\Temp\playwright-java-12889184549621890511\package\lib\server\dispatchers\dispatcher.js:94:40)
    at DispatcherConnection.dispatch (C:\Users\anna\AppData\Local\Temp\playwright-java-12889184549621890511\package\lib\server\dispatchers\dispatcher.js:361:39)
}
Call log:
- waiting for locator("//input[@placeholder='username']")

at com.microsoft.playwright.impl.Connection.dispatch(Connection.java:254)
at com.microsoft.playwright.impl.Connection.processOneMessage(Connection.java:211)
at com.microsoft.playwright.impl.ChannelOwner.runUntil(ChannelOwner.java:118)
... 43 more
]]>
            </full-stacktrace>
          </exception> <!-- com.microsoft.playwright.TimeoutError -->
          <reporter-output>
          </reporter-output>
        </test-method> <!-- testLogin -->
        <test-method is-config="true" signature="stop()[pri:0, instance:tests.LoginTest@6356695f]" started-at="2026-09-05T20:17:37 SAST" name="stop" finished-at="2026-09-05T20:17:38 SAST" duration-ms="873" status="PASS">
          <reporter-output>
          </reporter-output>
        </test-method> <!-- stop -->
      </class> <!-- tests.LoginTest -->
    </test> <!-- LoginTests -->
  </suite> <!-- PlaywrightSuite -->
</testng-results>
