<?xml version="1.0" encoding="UTF-8"?>
<testsuite xmlns:xsi="http://www.w3.org/2001/XMLSchema-instance" xsi:noNamespaceSchemaLocation="https://maven.apache.org/surefire/maven-surefire-plugin/xsd/surefire-test-report-3.0.xsd" version="3.0" name="TestSuite" time="28.247" tests="4" errors="0" skipped="0" failures="0">
  <properties>
[...]
</properties>
  <testcase name="testValidLogin" classname="tests.LoginTest" time="9.609">
    <system-out><![CDATA[Screenshot saved at: C:\Users\anna\IdeaProjects\playwrightAnna\firstproject\screenshots\validLogin_20260907_221427.png
]]></system-out>
  </testcase>
  <testcase name="testInvalidScenarios[invalid, wrongUser, wrongPass, invalid](1)" classname="tests.LoginTest" time="2.565">
    <system-out><![CDATA[Screenshot saved at: C:\Users\anna\IdeaProjects\playwrightAnna\firstproject\screenshots\invalidLogin_20260907_221432.png
]]></system-out>
  </testcase>
  <testcase name="testInvalidScenarios[emptyUsername, , admin123, emptyUsername](2)" classname="tests.LoginTest" time="1.684">
    <system-out><![CDATA[Screenshot saved at: C:\Users\anna\IdeaProjects\playwrightAnna\firstproject\screenshots\emptyUsernameLogin_20260907_221433.png
]]></system-out>
  </testcase>
  <testcase name="testInvalidScenarios[emptyPassword, admin, , emptyPassword](3)" classname="tests.LoginTest" time="1.898">
    <system-out><![CDATA[Screenshot saved at: C:\Users\anna\IdeaProjects\playwrightAnna\firstproject\screenshots\emptyPasswordLogin_20260907_221435.png
]]></system-out>
  </testcase>
</testsuite>