<?xml version="1.0" encoding="UTF-8"?>
<!-- Generated by org.testng.reporters.JUnitReportReporter -->
<testsuite hostname="LAPTOP-E16GBPIP" failures="0" tests="4" name="tests.LoginTest" time="15.751" errors="0" timestamp="2026-09-07T22:14:36 SAST" skipped="0">
  <testcase classname="tests.LoginTest" name="testValidLogin" time="9.609"/>
  <testcase classname="tests.LoginTest" name="testInvalidScenarios" time="2.562"/>
  <testcase classname="tests.LoginTest" name="testInvalidScenarios" time="1.895"/>
  <testcase classname="tests.LoginTest" name="testInvalidScenarios" time="1.685"/>
</testsuite> <!-- tests.LoginTest -->
